<?xml version="1.0" encoding="UTF-8"?>
<!-- Generated by org.testng.reporters.JUnitReportReporter -->
<testsuite skipped="19" hostname="BLRB1DT038" name="test.customer_group.Customer_Group_Add_Edit" tests="20" failures="0" timestamp="17 May 2018 03:37:47 GMT" time="12.147" errors="1">
  <testcase name="validtest" time="12.147" classname="test.customer_group.Customer_Group_Add_Edit">
    <error type="org.openqa.selenium.NoSuchWindowException" message="no such window: target window already closed
from unknown error: web view not found
  (Session info: chrome=60.0.3112.90)
  (Driver info: chromedriver=2.29.461591 (62ebf098771772160f391d75e589dc567915b233),platform=Windows NT 10.0.16299 x86_64) (WARNING: The server did not provide any stacktrace information)
Command duration or timeout: 0 milliseconds
Build info: version: &#039;3.5.0&#039;, revision: &#039;8def36e068&#039;, time: &#039;2017-08-10T23:00:22.093Z&#039;
System info: host: &#039;BLRB1DT038&#039;, ip: &#039;172.168.10.156&#039;, os.name: &#039;Windows 10&#039;, os.arch: &#039;amd64&#039;, os.version: &#039;10.0&#039;, java.version: &#039;1.8.0_151&#039;
Driver info: org.openqa.selenium.chrome.ChromeDriver
Capabilities [{applicationCacheEnabled=false, rotatable=false, mobileEmulationEnabled=false, networkConnectionEnabled=false, chrome={chromedriverVersion=2.29.461591 (62ebf098771772160f391d75e589dc567915b233), userDataDir=C:\Users\MAHALA~1\AppData\Local\Temp\scoped_dir13768_5272}, takesHeapSnapshot=true, pageLoadStrategy=normal, unhandledPromptBehavior=, databaseEnabled=false, handlesAlerts=true, hasTouchScreen=false, version=60.0.3112.90, platform=XP, browserConnectionEnabled=false, nativeEvents=true, acceptSslCerts=true, locationContextEnabled=true, webStorageEnabled=true, browserName=chrome, takesScreenshot=true, javascriptEnabled=true, cssSelectorsEnabled=true, unexpectedAlertBehaviour=}]
Session ID: 6bd2b83ee248970f810f20aa4ac892c0
*** Element info: {Using=xpath, value=.//*[@id=&#039;content&#039;]/div[2]/div[1]/h1}">
      <![CDATA[org.openqa.selenium.NoSuchWindowException: no such window: target window already closed
from unknown error: web view not found
  (Session info: chrome=60.0.3112.90)
  (Driver info: chromedriver=2.29.461591 (62ebf098771772160f391d75e589dc567915b233),platform=Windows NT 10.0.16299 x86_64) (WARNING: The server did not provide any stacktrace information)
Command duration or timeout: 0 milliseconds
Build info: version: '3.5.0', revision: '8def36e068', time: '2017-08-10T23:00:22.093Z'
System info: host: 'BLRB1DT038', ip: '172.168.10.156', os.name: 'Windows 10', os.arch: 'amd64', os.version: '10.0', java.version: '1.8.0_151'
Driver info: org.openqa.selenium.chrome.ChromeDriver
Capabilities [{applicationCacheEnabled=false, rotatable=false, mobileEmulationEnabled=false, networkConnectionEnabled=false, chrome={chromedriverVersion=2.29.461591 (62ebf098771772160f391d75e589dc567915b233), userDataDir=C:\Users\MAHALA~1\AppData\Local\Temp\scoped_dir13768_5272}, takesHeapSnapshot=true, pageLoadStrategy=normal, unhandledPromptBehavior=, databaseEnabled=false, handlesAlerts=true, hasTouchScreen=false, version=60.0.3112.90, platform=XP, browserConnectionEnabled=false, nativeEvents=true, acceptSslCerts=true, locationContextEnabled=true, webStorageEnabled=true, browserName=chrome, takesScreenshot=true, javascriptEnabled=true, cssSelectorsEnabled=true, unexpectedAlertBehaviour=}]
Session ID: 6bd2b83ee248970f810f20aa4ac892c0
*** Element info: {Using=xpath, value=.//*[@id='content']/div[2]/div[1]/h1}
at sun.reflect.NativeConstructorAccessorImpl.newInstance0(Native Method)
at sun.reflect.NativeConstructorAccessorImpl.newInstance(Unknown Source)
at sun.reflect.DelegatingConstructorAccessorImpl.newInstance(Unknown Source)
at java.lang.reflect.Constructor.newInstance(Unknown Source)
at org.openqa.selenium.remote.ErrorHandler.createThrowable(ErrorHandler.java:215)
at org.openqa.selenium.remote.ErrorHandler.throwIfResponseFailed(ErrorHandler.java:167)
at org.openqa.selenium.remote.http.JsonHttpResponseCodec.reconstructValue(JsonHttpResponseCodec.java:40)
at org.openqa.selenium.remote.http.AbstractHttpResponseCodec.decode(AbstractHttpResponseCodec.java:82)
at org.openqa.selenium.remote.http.AbstractHttpResponseCodec.decode(AbstractHttpResponseCodec.java:45)
at org.openqa.selenium.remote.HttpCommandExecutor.execute(HttpCommandExecutor.java:164)
at org.openqa.selenium.remote.service.DriverCommandExecutor.execute(DriverCommandExecutor.java:82)
at org.openqa.selenium.remote.RemoteWebDriver.execute(RemoteWebDriver.java:641)
at org.openqa.selenium.remote.RemoteWebDriver.findElement(RemoteWebDriver.java:414)
at org.openqa.selenium.remote.RemoteWebDriver.findElementByXPath(RemoteWebDriver.java:513)
at org.openqa.selenium.By$ByXPath.findElement(By.java:361)
at org.openqa.selenium.remote.RemoteWebDriver.findElement(RemoteWebDriver.java:406)
at org.openqa.selenium.support.pagefactory.DefaultElementLocator.findElement(DefaultElementLocator.java:69)
at org.openqa.selenium.support.pagefactory.internal.LocatingElementHandler.invoke(LocatingElementHandler.java:38)
at com.sun.proxy.$Proxy10.equals(Unknown Source)
at org.testng.Assert.assertEqualsImpl(Assert.java:134)
at org.testng.Assert.assertEquals(Assert.java:118)
at com.loginpage.Login_Page.login(Login_Page.java:35)
at test.baseclass.BaseClass.validtest(BaseClass.java:34)
at sun.reflect.NativeMethodAccessorImpl.invoke0(Native Method)
at sun.reflect.NativeMethodAccessorImpl.invoke(Unknown Source)
at sun.reflect.DelegatingMethodAccessorImpl.invoke(Unknown Source)
at java.lang.reflect.Method.invoke(Unknown Source)
at org.testng.internal.MethodInvocationHelper.invokeMethod(MethodInvocationHelper.java:124)
at org.testng.internal.MethodInvocationHelper.invokeMethodConsideringTimeout(MethodInvocationHelper.java:59)
at org.testng.internal.Invoker.invokeConfigurationMethod(Invoker.java:455)
at org.testng.internal.Invoker.invokeConfigurations(Invoker.java:222)
at org.testng.internal.Invoker.invokeConfigurations(Invoker.java:142)
at org.testng.SuiteRunner.privateRun(SuiteRunner.java:401)
at org.testng.SuiteRunner.run(SuiteRunner.java:364)
at org.testng.SuiteRunnerWorker.runSuite(SuiteRunnerWorker.java:52)
at org.testng.SuiteRunnerWorker.run(SuiteRunnerWorker.java:84)
at org.testng.TestNG.runSuitesSequentially(TestNG.java:1208)
at org.testng.TestNG.runSuitesLocally(TestNG.java:1137)
at org.testng.TestNG.runSuites(TestNG.java:1049)
at org.testng.TestNG.run(TestNG.java:1017)
at org.testng.remote.AbstractRemoteTestNG.run(AbstractRemoteTestNG.java:114)
at org.testng.remote.RemoteTestNG.initAndRun(RemoteTestNG.java:251)
at org.testng.remote.RemoteTestNG.main(RemoteTestNG.java:77)
]]>
    </error>
  </testcase> <!-- validtest -->
  <testcase name="Verify_Customer_Group_sub_menu_option" time="0.000" classname="test.customer_group.Customer_Group_Add_Edit">
    <skipped/>
  </testcase> <!-- Verify_Customer_Group_sub_menu_option -->
  <testcase name="Verify_click_on_breadcrumb_Home" time="0.000" classname="test.customer_group.Customer_Group_Add_Edit">
    <skipped/>
  </testcase> <!-- Verify_click_on_breadcrumb_Home -->
  <testcase name="Verify_insert_contents" time="0.000" classname="test.customer_group.Customer_Group_Add_Edit">
    <skipped/>
  </testcase> <!-- Verify_insert_contents -->
  <testcase name="Insert_Customer_Group" time="0.000" classname="test.customer_group.Customer_Group_Add_Edit">
    <skipped/>
  </testcase> <!-- Insert_Customer_Group -->
  <testcase name="Insert_multipleCustomer_Group" time="0.000" classname="test.customer_group.Customer_Group_Add_Edit">
    <skipped/>
  </testcase> <!-- Insert_multipleCustomer_Group -->
  <testcase name="Insert_Customer_Group_without_entering_mandatory_fields" time="0.000" classname="test.customer_group.Customer_Group_Add_Edit">
    <skipped/>
  </testcase> <!-- Insert_Customer_Group_without_entering_mandatory_fields -->
  <testcase name="Verify_Cancel_button_Customer_Group_Insert_page" time="0.000" classname="test.customer_group.Customer_Group_Add_Edit">
    <skipped/>
  </testcase> <!-- Verify_Cancel_button_Customer_Group_Insert_page -->
  <testcase name="Verify_Edit_in_Customer_Group_page" time="0.000" classname="test.customer_group.Customer_Group_Add_Edit">
    <skipped/>
  </testcase> <!-- Verify_Edit_in_Customer_Group_page -->
  <testcase name="Verify_Cancel_in_Customer_Group_Edit_page" time="0.000" classname="test.customer_group.Customer_Group_Add_Edit">
    <skipped/>
  </testcase> <!-- Verify_Cancel_in_Customer_Group_Edit_page -->
  <testcase name="Insert_in_Customer_Group_without_entering_Customer_Group_Name" time="0.000" classname="test.customer_group.Customer_Group_Add_Edit">
    <skipped/>
  </testcase> <!-- Insert_in_Customer_Group_without_entering_Customer_Group_Name -->
  <testcase name="Insert_Customer_Group_Name_less_than_3_greater_than_32_characters" time="0.000" classname="test.customer_group.Customer_Group_Add_Edit">
    <skipped/>
  </testcase> <!-- Insert_Customer_Group_Name_less_than_3_greater_than_32_characters -->
  <testcase name="Insert_Customer_Group_Name_with_invalid_name" time="0.000" classname="test.customer_group.Customer_Group_Add_Edit">
    <skipped/>
  </testcase> <!-- Insert_Customer_Group_Name_with_invalid_name -->
  <testcase name="Insert_Customer_Group_Name_with_duplicate_name" time="0.000" classname="test.customer_group.Customer_Group_Add_Edit">
    <skipped/>
  </testcase> <!-- Insert_Customer_Group_Name_with_duplicate_name -->
  <testcase name="Verify_Delete_in_Customer_Group" time="0.000" classname="test.customer_group.Customer_Group_Add_Edit">
    <skipped/>
  </testcase> <!-- Verify_Delete_in_Customer_Group -->
  <testcase name="Delete_multiple_Customer_group" time="0.000" classname="test.customer_group.Customer_Group_Add_Edit">
    <skipped/>
  </testcase> <!-- Delete_multiple_Customer_group -->
  <testcase name="Edit_Customer_Group_with_valid_input" time="0.000" classname="test.customer_group.Customer_Group_Add_Edit">
    <skipped/>
  </testcase> <!-- Edit_Customer_Group_with_valid_input -->
  <testcase name="Verify_Set_default_button" time="0.000" classname="test.customer_group.Customer_Group_Add_Edit">
    <skipped/>
  </testcase> <!-- Verify_Set_default_button -->
  <testcase name="Verify_Set_default_button_for_multiple_selection" time="0.000" classname="test.customer_group.Customer_Group_Add_Edit">
    <skipped/>
  </testcase> <!-- Verify_Set_default_button_for_multiple_selection -->
  <testcase name="Verify_Set_default_button_for_no_selection" time="0.000" classname="test.customer_group.Customer_Group_Add_Edit">
    <skipped/>
  </testcase> <!-- Verify_Set_default_button_for_no_selection -->
</testsuite> <!-- test.customer_group.Customer_Group_Add_Edit -->
