<?xml version="1.0" encoding="UTF-8"?>
<!-- Generated by org.testng.reporters.JUnitXMLReporter -->
<testsuite hostname="BLRB1DT038" ignored="16" name="Test" tests="122" failures="0" timestamp="17 May 2018 03:37:46 GMT" time="0.634" errors="0">
  <testcase name="@BeforeSuite validtest" time="12.147" classname="test.baseclass.BaseClass">
    <failure type="org.openqa.selenium.NoSuchWindowException" message="no such window: target window already closed
from unknown error: web view not found
  (Session info: chrome=60.0.3112.90)
  (Driver info: chromedriver=2.29.461591 (62ebf098771772160f391d75e589dc567915b233),platform=Windows NT 10.0.16299 x86_64) (WARNING: The server did not provide any stacktrace information)
Command duration or timeout: 0 milliseconds
Build info: version: &amp;apos;3.5.0&amp;apos;, revision: &amp;apos;8def36e068&amp;apos;, time: &amp;apos;2017-08-10T23:00:22.093Z&amp;apos;
System info: host: &amp;apos;BLRB1DT038&amp;apos;, ip: &amp;apos;172.168.10.156&amp;apos;, os.name: &amp;apos;Windows 10&amp;apos;, os.arch: &amp;apos;amd64&amp;apos;, os.version: &amp;apos;10.0&amp;apos;, java.version: &amp;apos;1.8.0_151&amp;apos;
Driver info: org.openqa.selenium.chrome.ChromeDriver
Capabilities [{applicationCacheEnabled=false, rotatable=false, mobileEmulationEnabled=false, networkConnectionEnabled=false, chrome={chromedriverVersion=2.29.461591 (62ebf098771772160f391d75e589dc567915b233), userDataDir=C:\Users\MAHALA~1\AppData\Local\Temp\scoped_dir13768_5272}, takesHeapSnapshot=true, pageLoadStrategy=normal, unhandledPromptBehavior=, databaseEnabled=false, handlesAlerts=true, hasTouchScreen=false, version=60.0.3112.90, platform=XP, browserConnectionEnabled=false, nativeEvents=true, acceptSslCerts=true, locationContextEnabled=true, webStorageEnabled=true, browserName=chrome, takesScreenshot=true, javascriptEnabled=true, cssSelectorsEnabled=true, unexpectedAlertBehaviour=}]
Session ID: 6bd2b83ee248970f810f20aa4ac892c0
*** Element info: {Using=xpath, value=.//*[@id=&amp;apos;content&amp;apos;]/div[2]/div[1]/h1}">
      <![CDATA[org.openqa.selenium.NoSuchWindowException: no such window: target window already closed
from unknown error: web view not found
  (Session info: chrome=60.0.3112.90)
  (Driver info: chromedriver=2.29.461591 (62ebf098771772160f391d75e589dc567915b233),platform=Windows NT 10.0.16299 x86_64) (WARNING: The server did not provide any stacktrace information)
Command duration or timeout: 0 milliseconds
Build info: version: '3.5.0', revision: '8def36e068', time: '2017-08-10T23:00:22.093Z'
System info: host: 'BLRB1DT038', ip: '172.168.10.156', os.name: 'Windows 10', os.arch: 'amd64', os.version: '10.0', java.version: '1.8.0_151'
Driver info: org.openqa.selenium.chrome.ChromeDriver
Capabilities [{applicationCacheEnabled=false, rotatable=false, mobileEmulationEnabled=false, networkConnectionEnabled=false, chrome={chromedriverVersion=2.29.461591 (62ebf098771772160f391d75e589dc567915b233), userDataDir=C:\Users\MAHALA~1\AppData\Local\Temp\scoped_dir13768_5272}, takesHeapSnapshot=true, pageLoadStrategy=normal, unhandledPromptBehavior=, databaseEnabled=false, handlesAlerts=true, hasTouchScreen=false, version=60.0.3112.90, platform=XP, browserConnectionEnabled=false, nativeEvents=true, acceptSslCerts=true, locationContextEnabled=true, webStorageEnabled=true, browserName=chrome, takesScreenshot=true, javascriptEnabled=true, cssSelectorsEnabled=true, unexpectedAlertBehaviour=}]
Session ID: 6bd2b83ee248970f810f20aa4ac892c0
*** Element info: {Using=xpath, value=.//*[@id='content']/div[2]/div[1]/h1}
at org.openqa.selenium.remote.ErrorHandler.createThrowable(ErrorHandler.java:215)
at org.openqa.selenium.remote.ErrorHandler.throwIfResponseFailed(ErrorHandler.java:167)
at org.openqa.selenium.remote.http.JsonHttpResponseCodec.reconstructValue(JsonHttpResponseCodec.java:40)
at org.openqa.selenium.remote.http.AbstractHttpResponseCodec.decode(AbstractHttpResponseCodec.java:82)
at org.openqa.selenium.remote.http.AbstractHttpResponseCodec.decode(AbstractHttpResponseCodec.java:45)
at org.openqa.selenium.remote.HttpCommandExecutor.execute(HttpCommandExecutor.java:164)
at org.openqa.selenium.remote.service.DriverCommandExecutor.execute(DriverCommandExecutor.java:82)
at org.openqa.selenium.remote.RemoteWebDriver.execute(RemoteWebDriver.java:641)
at org.openqa.selenium.remote.RemoteWebDriver.findElement(RemoteWebDriver.java:414)
at org.openqa.selenium.remote.RemoteWebDriver.findElementByXPath(RemoteWebDriver.java:513)
at org.openqa.selenium.By$ByXPath.findElement(By.java:361)
at org.openqa.selenium.remote.RemoteWebDriver.findElement(RemoteWebDriver.java:406)
at org.openqa.selenium.support.pagefactory.DefaultElementLocator.findElement(DefaultElementLocator.java:69)
at org.openqa.selenium.support.pagefactory.internal.LocatingElementHandler.invoke(LocatingElementHandler.java:38)
at com.sun.proxy.$Proxy10.equals(Unknown Source)
at com.loginpage.Login_Page.login(Login_Page.java:35)
at test.baseclass.BaseClass.validtest(BaseClass.java:34)
... Removed 26 stack frames]]>
    </failure>
  </testcase> <!-- @BeforeSuite validtest -->
  <testcase name="@AfterMethod TestOnFail" time="0.0" classname="test.customer_group.Customer_Group_Add_Edit">
    <skipped/>
  </testcase> <!-- @AfterMethod TestOnFail -->
  <testcase name="@AfterMethod TestOnFail" time="0.0" classname="test.customer_group.Customer_Group_Add_Edit">
    <skipped/>
  </testcase> <!-- @AfterMethod TestOnFail -->
  <testcase name="@AfterMethod TestOnFail" time="0.0" classname="test.customer_group.Customer_Group_Add_Edit">
    <skipped/>
  </testcase> <!-- @AfterMethod TestOnFail -->
  <testcase name="@AfterMethod TestOnFail" time="0.0" classname="test.customer_group.Customer_Group_Add_Edit">
    <skipped/>
  </testcase> <!-- @AfterMethod TestOnFail -->
  <testcase name="@AfterMethod TestOnFail" time="0.0" classname="test.customer_group.Customer_Group_Add_Edit">
    <skipped/>
  </testcase> <!-- @AfterMethod TestOnFail -->
  <testcase name="@AfterMethod TestOnFail" time="0.0" classname="test.customer_group.Customer_Group_Add_Edit">
    <skipped/>
  </testcase> <!-- @AfterMethod TestOnFail -->
  <testcase name="@AfterMethod TestOnFail" time="0.0" classname="test.customer_group.Customer_Group_Add_Edit">
    <skipped/>
  </testcase> <!-- @AfterMethod TestOnFail -->
  <testcase name="@AfterMethod TestOnFail" time="0.0" classname="test.customer_group.Customer_Group_Add_Edit">
    <skipped/>
  </testcase> <!-- @AfterMethod TestOnFail -->
  <testcase name="@AfterMethod TestOnFail" time="0.0" classname="test.customer_group.Customer_Group_Add_Edit">
    <skipped/>
  </testcase> <!-- @AfterMethod TestOnFail -->
  <testcase name="@AfterMethod TestOnFail" time="0.0" classname="test.customer_group.Customer_Group_Add_Edit">
    <skipped/>
  </testcase> <!-- @AfterMethod TestOnFail -->
  <testcase name="@AfterMethod TestOnFail" time="0.0" classname="test.customer_group.Customer_Group_Add_Edit">
    <skipped/>
  </testcase> <!-- @AfterMethod TestOnFail -->
  <testcase name="@AfterMethod TestOnFail" time="0.0" classname="test.customer_group.Customer_Group_Add_Edit">
    <skipped/>
  </testcase> <!-- @AfterMethod TestOnFail -->
  <testcase name="@AfterMethod TestOnFail" time="0.0" classname="test.customer_group.Customer_Group_Add_Edit">
    <skipped/>
  </testcase> <!-- @AfterMethod TestOnFail -->
  <testcase name="@AfterMethod TestOnFail" time="0.0" classname="test.customer_group.Customer_Group_Add_Edit">
    <skipped/>
  </testcase> <!-- @AfterMethod TestOnFail -->
  <testcase name="@AfterMethod TestOnFail" time="0.0" classname="test.customer_group.Customer_Group_Add_Edit">
    <skipped/>
  </testcase> <!-- @AfterMethod TestOnFail -->
  <testcase name="@AfterMethod TestOnFail" time="0.0" classname="test.customer_group.Customer_Group_Add_Edit">
    <skipped/>
  </testcase> <!-- @AfterMethod TestOnFail -->
  <testcase name="@AfterMethod TestOnFail" time="0.0" classname="test.customer_group.Customer_Group_Add_Edit">
    <skipped/>
  </testcase> <!-- @AfterMethod TestOnFail -->
  <testcase name="@AfterMethod TestOnFail" time="0.0" classname="test.customer_group.Customer_Group_Add_Edit">
    <skipped/>
  </testcase> <!-- @AfterMethod TestOnFail -->
  <testcase name="@AfterMethod TestOnFail" time="0.0" classname="test.customer_group.Customer_Group_Add_Edit">
    <skipped/>
  </testcase> <!-- @AfterMethod TestOnFail -->
  <testcase name="@AfterMethod TestOnFail" time="0.0" classname="test.customer_region.Customer_Region_Add_Edit">
    <skipped/>
  </testcase> <!-- @AfterMethod TestOnFail -->
  <testcase name="@AfterMethod TestOnFail" time="0.0" classname="test.customer_region.Customer_Region_Add_Edit">
    <skipped/>
  </testcase> <!-- @AfterMethod TestOnFail -->
  <testcase name="@AfterMethod TestOnFail" time="0.0" classname="test.customer_region.Customer_Region_Add_Edit">
    <skipped/>
  </testcase> <!-- @AfterMethod TestOnFail -->
  <testcase name="@AfterMethod TestOnFail" time="0.0" classname="test.customer_region.Customer_Region_Add_Edit">
    <skipped/>
  </testcase> <!-- @AfterMethod TestOnFail -->
  <testcase name="@AfterMethod TestOnFail" time="0.0" classname="test.customer_region.Customer_Region_Add_Edit">
    <skipped/>
  </testcase> <!-- @AfterMethod TestOnFail -->
  <testcase name="@AfterMethod TestOnFail" time="0.0" classname="test.customer_region.Customer_Region_Add_Edit">
    <skipped/>
  </testcase> <!-- @AfterMethod TestOnFail -->
  <testcase name="@AfterMethod TestOnFail" time="0.0" classname="test.customer_region.Customer_Region_Add_Edit">
    <skipped/>
  </testcase> <!-- @AfterMethod TestOnFail -->
  <testcase name="@AfterMethod TestOnFail" time="0.0" classname="test.customer_region.Customer_Region_Add_Edit">
    <skipped/>
  </testcase> <!-- @AfterMethod TestOnFail -->
  <testcase name="@AfterMethod TestOnFail" time="0.0" classname="test.customer_region.Customer_Region_Add_Edit">
    <skipped/>
  </testcase> <!-- @AfterMethod TestOnFail -->
  <testcase name="@AfterMethod TestOnFail" time="0.0" classname="test.customer_region.Customer_Region_Add_Edit">
    <skipped/>
  </testcase> <!-- @AfterMethod TestOnFail -->
  <testcase name="@AfterMethod TestOnFail" time="0.0" classname="test.customer_region.Customer_Region_Add_Edit">
    <skipped/>
  </testcase> <!-- @AfterMethod TestOnFail -->
  <testcase name="@AfterMethod TestOnFail" time="0.0" classname="test.customer_region.Customer_Region_Add_Edit">
    <skipped/>
  </testcase> <!-- @AfterMethod TestOnFail -->
  <testcase name="@AfterMethod TestOnFail" time="0.0" classname="test.customer_region.Customer_Region_Add_Edit">
    <skipped/>
  </testcase> <!-- @AfterMethod TestOnFail -->
  <testcase name="@AfterMethod TestOnFail" time="0.0" classname="test.customer_region.Customer_Region_Add_Edit">
    <skipped/>
  </testcase> <!-- @AfterMethod TestOnFail -->
  <testcase name="@AfterMethod TestOnFail" time="0.0" classname="test.customer_region.Customer_Region_Add_Edit">
    <skipped/>
  </testcase> <!-- @AfterMethod TestOnFail -->
  <testcase name="@AfterMethod TestOnFail" time="0.0" classname="test.customer_region.Customer_Region_Add_Edit">
    <skipped/>
  </testcase> <!-- @AfterMethod TestOnFail -->
  <testcase name="@AfterMethod TestOnFail" time="0.0" classname="test.customer_region.Customer_Region_Add_Edit">
    <skipped/>
  </testcase> <!-- @AfterMethod TestOnFail -->
  <testcase name="@AfterMethod TestOnFail" time="0.0" classname="test.customer_region.Customer_Region_Add_Edit">
    <skipped/>
  </testcase> <!-- @AfterMethod TestOnFail -->
  <testcase name="@AfterMethod TestOnFail" time="0.0" classname="test.customer_region.Customer_Region_Add_Edit">
    <skipped/>
  </testcase> <!-- @AfterMethod TestOnFail -->
  <testcase name="@AfterMethod TestOnFail" time="0.0" classname="test.customer_region.Customer_Region_Add_Edit">
    <skipped/>
  </testcase> <!-- @AfterMethod TestOnFail -->
  <testcase name="@AfterMethod TestOnFail" time="0.0" classname="test.customer_region.Customer_Region_Add_Edit">
    <skipped/>
  </testcase> <!-- @AfterMethod TestOnFail -->
  <testcase name="@AfterMethod TestOnFail" time="0.0" classname="test.customer_region.Customer_Region_Add_Edit">
    <skipped/>
  </testcase> <!-- @AfterMethod TestOnFail -->
  <testcase name="@AfterMethod TestOnFail" time="0.0" classname="test.customer_region.Customer_Region_Add_Edit">
    <skipped/>
  </testcase> <!-- @AfterMethod TestOnFail -->
  <testcase name="@AfterMethod TestOnFail" time="0.0" classname="test.customer_region.Customer_Region_Add_Edit">
    <skipped/>
  </testcase> <!-- @AfterMethod TestOnFail -->
  <testcase name="@AfterMethod TestOnFail" time="0.0" classname="test.customer_region.Customer_Region_Add_Edit">
    <skipped/>
  </testcase> <!-- @AfterMethod TestOnFail -->
  <testcase name="@AfterMethod TestOnFail" time="0.0" classname="test.addcustomer.AddCustomer">
    <skipped/>
  </testcase> <!-- @AfterMethod TestOnFail -->
  <testcase name="@AfterMethod TestOnFail" time="0.0" classname="test.addcustomer.AddCustomer">
    <skipped/>
  </testcase> <!-- @AfterMethod TestOnFail -->
  <testcase name="@AfterMethod TestOnFail" time="0.0" classname="test.addcustomer.AddCustomer">
    <skipped/>
  </testcase> <!-- @AfterMethod TestOnFail -->
  <testcase name="@AfterMethod TestOnFail" time="0.0" classname="test.addcustomer.AddCustomer">
    <skipped/>
  </testcase> <!-- @AfterMethod TestOnFail -->
  <testcase name="@AfterMethod TestOnFail" time="0.0" classname="test.addcustomer.Approve">
    <skipped/>
  </testcase> <!-- @AfterMethod TestOnFail -->
  <testcase name="@AfterMethod TestOnFail" time="0.0" classname="test.addcustomer.Approve">
    <skipped/>
  </testcase> <!-- @AfterMethod TestOnFail -->
  <testcase name="@AfterMethod TestOnFail" time="0.0" classname="test.addcustomer.Approve">
    <skipped/>
  </testcase> <!-- @AfterMethod TestOnFail -->
  <testcase name="@AfterMethod TestOnFail" time="0.0" classname="test.addcustomer.EditCustomer">
    <skipped/>
  </testcase> <!-- @AfterMethod TestOnFail -->
  <testcase name="@AfterMethod TestOnFail" time="0.0" classname="test.addcustomer.EditCustomer">
    <skipped/>
  </testcase> <!-- @AfterMethod TestOnFail -->
  <testcase name="@AfterMethod TestOnFail" time="0.0" classname="test.addcustomer.EditCustomer">
    <skipped/>
  </testcase> <!-- @AfterMethod TestOnFail -->
  <testcase name="@AfterMethod TestOnFail" time="0.0" classname="test.addcustomer.EditCustomer">
    <skipped/>
  </testcase> <!-- @AfterMethod TestOnFail -->
  <testcase name="@AfterMethod TestOnFail" time="0.0" classname="test.addcustomer.EditCustomer">
    <skipped/>
  </testcase> <!-- @AfterMethod TestOnFail -->
  <testcase name="@AfterMethod TestOnFail" time="0.0" classname="test.addcustomer.MultipleAddress$EditCustomer">
    <skipped/>
  </testcase> <!-- @AfterMethod TestOnFail -->
  <testcase name="@AfterMethod TestOnFail" time="0.0" classname="test.addcustomer.MultipleAddress$EditCustomer">
    <skipped/>
  </testcase> <!-- @AfterMethod TestOnFail -->
  <testcase name="@AfterMethod TestOnFail" time="0.0" classname="test.addcustomer.SearchOperation">
    <skipped/>
  </testcase> <!-- @AfterMethod TestOnFail -->
  <testcase name="@AfterMethod TestOnFail" time="0.0" classname="test.addcustomer.SearchOperation">
    <skipped/>
  </testcase> <!-- @AfterMethod TestOnFail -->
  <testcase name="@AfterMethod TestOnFail" time="0.0" classname="test.addcustomer.SearchOperation">
    <skipped/>
  </testcase> <!-- @AfterMethod TestOnFail -->
  <testcase name="@AfterMethod TestOnFail" time="0.0" classname="test.addcustomer.SearchOperation">
    <skipped/>
  </testcase> <!-- @AfterMethod TestOnFail -->
  <testcase name="@AfterMethod TestOnFail" time="0.0" classname="test.addcustomer.SearchOperation">
    <skipped/>
  </testcase> <!-- @AfterMethod TestOnFail -->
  <testcase name="@AfterMethod TestOnFail" time="0.0" classname="test.addcustomer.SearchOperation">
    <skipped/>
  </testcase> <!-- @AfterMethod TestOnFail -->
  <testcase name="@AfterMethod TestOnFail" time="0.0" classname="test.addcustomer.SearchOperation">
    <skipped/>
  </testcase> <!-- @AfterMethod TestOnFail -->
  <testcase name="@AfterMethod TestOnFail" time="0.0" classname="test.addcustomer.SearchOperation">
    <skipped/>
  </testcase> <!-- @AfterMethod TestOnFail -->
  <testcase name="@AfterMethod TestOnFail" time="0.0" classname="test.addcustomer.SearchOperation">
    <skipped/>
  </testcase> <!-- @AfterMethod TestOnFail -->
  <testcase name="@AfterMethod TestOnFail" time="0.0" classname="test.STB_Pairing.STB_Pairing">
    <skipped/>
  </testcase> <!-- @AfterMethod TestOnFail -->
  <testcase name="@AfterMethod TestOnFail" time="0.0" classname="test.STB_Pairing.STB_Pairing">
    <skipped/>
  </testcase> <!-- @AfterMethod TestOnFail -->
  <testcase name="@AfterMethod TestOnFail" time="0.0" classname="test.STB_Pairing.STB_Pairing">
    <skipped/>
  </testcase> <!-- @AfterMethod TestOnFail -->
  <testcase name="@AfterMethod TestOnFail" time="0.0" classname="test.STB_Pairing.STB_Pairing">
    <skipped/>
  </testcase> <!-- @AfterMethod TestOnFail -->
  <testcase name="@AfterMethod TestOnFail" time="0.0" classname="test.STB_Pairing.STB_Pairing">
    <skipped/>
  </testcase> <!-- @AfterMethod TestOnFail -->
  <testcase name="@AfterMethod TestOnFail" time="0.0" classname="test.STB_Pairing.STB_Pairing">
    <skipped/>
  </testcase> <!-- @AfterMethod TestOnFail -->
  <testcase name="@AfterMethod teardown" time="0.0" classname="test.quick_search.quick_search">
    <skipped/>
  </testcase> <!-- @AfterMethod teardown -->
  <testcase name="@AfterMethod teardown" time="0.0" classname="test.quick_search.quick_search">
    <skipped/>
  </testcase> <!-- @AfterMethod teardown -->
  <testcase name="@AfterMethod teardown" time="0.0" classname="test.quick_search.quick_search">
    <skipped/>
  </testcase> <!-- @AfterMethod teardown -->
  <testcase name="@AfterMethod teardown" time="0.0" classname="test.quick_search.quick_search">
    <skipped/>
  </testcase> <!-- @AfterMethod teardown -->
  <testcase name="@AfterMethod teardown" time="0.0" classname="test.quick_search.quick_search">
    <skipped/>
  </testcase> <!-- @AfterMethod teardown -->
  <testcase name="@AfterMethod teardown" time="0.0" classname="test.quick_search.quick_search">
    <skipped/>
  </testcase> <!-- @AfterMethod teardown -->
  <testcase name="@AfterMethod teardown" time="0.0" classname="test.quick_search.quick_search">
    <skipped/>
  </testcase> <!-- @AfterMethod teardown -->
  <testcase name="@AfterMethod teardown" time="0.0" classname="test.quick_search.quick_search">
    <skipped/>
  </testcase> <!-- @AfterMethod teardown -->
  <testcase name="@AfterMethod teardown" time="0.0" classname="test.quick_search.quick_search">
    <skipped/>
  </testcase> <!-- @AfterMethod teardown -->
  <testcase name="@AfterMethod TestOnFail" time="0.0" classname="test.order.Create_Order">
    <skipped/>
  </testcase> <!-- @AfterMethod TestOnFail -->
  <testcase name="@AfterMethod TestOnFail" time="0.0" classname="test.order.Create_Order">
    <skipped/>
  </testcase> <!-- @AfterMethod TestOnFail -->
  <testcase name="@AfterMethod TestOnFail" time="0.0" classname="test.order.Create_Order">
    <skipped/>
  </testcase> <!-- @AfterMethod TestOnFail -->
  <testcase name="@AfterMethod TestOnFail" time="0.0" classname="test.order.Create_Order">
    <skipped/>
  </testcase> <!-- @AfterMethod TestOnFail -->
  <testcase name="@AfterMethod TestOnFail" time="0.0" classname="test.order.Create_Order">
    <skipped/>
  </testcase> <!-- @AfterMethod TestOnFail -->
  <testcase name="@AfterMethod TestOnFail" time="0.0" classname="test.order.Create_Order">
    <skipped/>
  </testcase> <!-- @AfterMethod TestOnFail -->
  <testcase name="@AfterMethod TestOnFail" time="0.0" classname="test.order.Create_Order">
    <skipped/>
  </testcase> <!-- @AfterMethod TestOnFail -->
  <testcase name="@AfterMethod TestOnFail" time="0.0" classname="test.order.Create_Order">
    <skipped/>
  </testcase> <!-- @AfterMethod TestOnFail -->
  <testcase name="@AfterMethod TestOnFail" time="0.0" classname="test.order.InVoice">
    <skipped/>
  </testcase> <!-- @AfterMethod TestOnFail -->
  <testcase name="@AfterMethod TestOnFail" time="0.0" classname="test.order.InVoice">
    <skipped/>
  </testcase> <!-- @AfterMethod TestOnFail -->
  <testcase name="@AfterMethod TestOnFail" time="0.0" classname="test.order.InVoice">
    <skipped/>
  </testcase> <!-- @AfterMethod TestOnFail -->
  <testcase name="@AfterMethod TestOnFail" time="0.0" classname="test.order.PrintPDF">
    <skipped/>
  </testcase> <!-- @AfterMethod TestOnFail -->
  <testcase name="@AfterMethod TestOnFail" time="0.0" classname="test.order.PrintPDF">
    <skipped/>
  </testcase> <!-- @AfterMethod TestOnFail -->
  <testcase name="@AfterMethod TestOnFail" time="0.0" classname="test.order.PrintPDF">
    <skipped/>
  </testcase> <!-- @AfterMethod TestOnFail -->
  <testcase name="@AfterMethod TestOnFail" time="0.0" classname="test.order.PrintPDF">
    <skipped/>
  </testcase> <!-- @AfterMethod TestOnFail -->
  <testcase name="@AfterMethod TestOnFail" time="0.0" classname="test.order.Search_Order">
    <skipped/>
  </testcase> <!-- @AfterMethod TestOnFail -->
  <testcase name="@AfterMethod TestOnFail" time="0.0" classname="test.order.Search_Order">
    <skipped/>
  </testcase> <!-- @AfterMethod TestOnFail -->
  <testcase name="@AfterMethod TestOnFail" time="0.0" classname="test.order.Search_Order">
    <skipped/>
  </testcase> <!-- @AfterMethod TestOnFail -->
  <testcase name="@AfterMethod TestOnFail" time="0.0" classname="test.ppv.PPV_Addition">
    <skipped/>
  </testcase> <!-- @AfterMethod TestOnFail -->
  <testcase name="@AfterMethod TestOnFail" time="0.0" classname="test.ppv.PPV_Addition">
    <skipped/>
  </testcase> <!-- @AfterMethod TestOnFail -->
  <testcase name="@AfterMethod TestOnFail" time="0.0" classname="test.ppv.PPV_Addition">
    <skipped/>
  </testcase> <!-- @AfterMethod TestOnFail -->
  <testcase name="@AfterMethod TestOnFail" time="0.0" classname="test.ppv.PPV_Addition">
    <skipped/>
  </testcase> <!-- @AfterMethod TestOnFail -->
  <testcase name="@AfterMethod TestOnFail" time="0.0" classname="test.ppv.PPV_Addition">
    <skipped/>
  </testcase> <!-- @AfterMethod TestOnFail -->
  <testcase name="@AfterMethod TestOnFail" time="0.0" classname="test.ppv.PPV_Addition">
    <skipped/>
  </testcase> <!-- @AfterMethod TestOnFail -->
  <testcase name="@AfterMethod TestOnFail" time="0.0" classname="test.ppv.PPV_Addition">
    <skipped/>
  </testcase> <!-- @AfterMethod TestOnFail -->
  <testcase name="@AfterMethod TestOnFail" time="0.0" classname="test.ppv.PPV_Addition">
    <skipped/>
  </testcase> <!-- @AfterMethod TestOnFail -->
  <testcase name="@AfterMethod TestOnFail" time="0.0" classname="test.ppv.PPV_Addition">
    <skipped/>
  </testcase> <!-- @AfterMethod TestOnFail -->
  <testcase name="@AfterMethod TestOnFail" time="0.0" classname="test.ppv.Edit_ppv">
    <skipped/>
  </testcase> <!-- @AfterMethod TestOnFail -->
  <testcase name="@AfterMethod TestOnFail" time="0.0" classname="test.ppv.Edit_ppv">
    <skipped/>
  </testcase> <!-- @AfterMethod TestOnFail -->
  <testcase name="@AfterMethod TestOnFail" time="0.0" classname="test.ppv.Edit_ppv">
    <skipped/>
  </testcase> <!-- @AfterMethod TestOnFail -->
  <testcase name="@AfterMethod TestOnFail" time="0.0" classname="test.ppv.Edit_ppv">
    <skipped/>
  </testcase> <!-- @AfterMethod TestOnFail -->
  <testcase name="@AfterMethod TestOnFail" time="0.0" classname="test.ppv.Edit_ppv">
    <skipped/>
  </testcase> <!-- @AfterMethod TestOnFail -->
  <testcase name="@AfterMethod TestOnFail" time="0.0" classname="test.nvod.Nvodaddtion">
    <skipped/>
  </testcase> <!-- @AfterMethod TestOnFail -->
  <testcase name="@AfterMethod TestOnFail" time="0.0" classname="test.nvod.Nvodaddtion">
    <skipped/>
  </testcase> <!-- @AfterMethod TestOnFail -->
  <testcase name="@AfterMethod TestOnFail" time="0.0" classname="test.nvod.Nvodaddtion">
    <skipped/>
  </testcase> <!-- @AfterMethod TestOnFail -->
  <testcase name="@AfterMethod TestOnFail" time="0.0" classname="test.nvod.Nvodaddtion">
    <skipped/>
  </testcase> <!-- @AfterMethod TestOnFail -->
  <testcase name="@AfterMethod TestOnFail" time="0.0" classname="test.nvod.Edit_nvod">
    <skipped/>
  </testcase> <!-- @AfterMethod TestOnFail -->
  <testcase name="@AfterMethod TestOnFail" time="0.0" classname="test.nvod.Edit_nvod">
    <skipped/>
  </testcase> <!-- @AfterMethod TestOnFail -->
  <testcase name="@AfterMethod TestOnFail" time="0.0" classname="test.nvod.Edit_nvod">
    <skipped/>
  </testcase> <!-- @AfterMethod TestOnFail -->
  <testcase name="@AfterMethod TestOnFail" time="0.0" classname="test.nvod.Edit_nvod">
    <skipped/>
  </testcase> <!-- @AfterMethod TestOnFail -->
  <testcase name="Verify_Customer_Group_sub_menu_option" time="0.0" classname="test.customer_group.Customer_Group_Add_Edit">
    <skipped/>
  </testcase> <!-- Verify_Customer_Group_sub_menu_option -->
  <testcase name="Verify_click_on_breadcrumb_Home" time="0.0" classname="test.customer_group.Customer_Group_Add_Edit">
    <skipped/>
  </testcase> <!-- Verify_click_on_breadcrumb_Home -->
  <testcase name="Verify_insert_contents" time="0.0" classname="test.customer_group.Customer_Group_Add_Edit">
    <skipped/>
  </testcase> <!-- Verify_insert_contents -->
  <testcase name="Insert_Customer_Group" time="0.0" classname="test.customer_group.Customer_Group_Add_Edit">
    <skipped/>
  </testcase> <!-- Insert_Customer_Group -->
  <testcase name="Insert_multipleCustomer_Group" time="0.0" classname="test.customer_group.Customer_Group_Add_Edit">
    <skipped/>
  </testcase> <!-- Insert_multipleCustomer_Group -->
  <testcase name="Insert_Customer_Group_without_entering_mandatory_fields" time="0.0" classname="test.customer_group.Customer_Group_Add_Edit">
    <skipped/>
  </testcase> <!-- Insert_Customer_Group_without_entering_mandatory_fields -->
  <testcase name="Verify_Cancel_button_Customer_Group_Insert_page" time="0.0" classname="test.customer_group.Customer_Group_Add_Edit">
    <skipped/>
  </testcase> <!-- Verify_Cancel_button_Customer_Group_Insert_page -->
  <testcase name="Verify_Edit_in_Customer_Group_page" time="0.0" classname="test.customer_group.Customer_Group_Add_Edit">
    <skipped/>
  </testcase> <!-- Verify_Edit_in_Customer_Group_page -->
  <testcase name="Verify_Cancel_in_Customer_Group_Edit_page" time="0.0" classname="test.customer_group.Customer_Group_Add_Edit">
    <skipped/>
  </testcase> <!-- Verify_Cancel_in_Customer_Group_Edit_page -->
  <testcase name="Insert_in_Customer_Group_without_entering_Customer_Group_Name" time="0.0" classname="test.customer_group.Customer_Group_Add_Edit">
    <skipped/>
  </testcase> <!-- Insert_in_Customer_Group_without_entering_Customer_Group_Name -->
  <testcase name="Insert_Customer_Group_Name_less_than_3_greater_than_32_characters" time="0.0" classname="test.customer_group.Customer_Group_Add_Edit">
    <skipped/>
  </testcase> <!-- Insert_Customer_Group_Name_less_than_3_greater_than_32_characters -->
  <testcase name="Insert_Customer_Group_Name_with_invalid_name" time="0.0" classname="test.customer_group.Customer_Group_Add_Edit">
    <skipped/>
  </testcase> <!-- Insert_Customer_Group_Name_with_invalid_name -->
  <testcase name="Insert_Customer_Group_Name_with_duplicate_name" time="0.0" classname="test.customer_group.Customer_Group_Add_Edit">
    <skipped/>
  </testcase> <!-- Insert_Customer_Group_Name_with_duplicate_name -->
  <testcase name="Verify_Delete_in_Customer_Group" time="0.0" classname="test.customer_group.Customer_Group_Add_Edit">
    <skipped/>
  </testcase> <!-- Verify_Delete_in_Customer_Group -->
  <testcase name="Delete_multiple_Customer_group" time="0.0" classname="test.customer_group.Customer_Group_Add_Edit">
    <skipped/>
  </testcase> <!-- Delete_multiple_Customer_group -->
  <testcase name="Edit_Customer_Group_with_valid_input" time="0.0" classname="test.customer_group.Customer_Group_Add_Edit">
    <skipped/>
  </testcase> <!-- Edit_Customer_Group_with_valid_input -->
  <testcase name="Verify_Set_default_button" time="0.0" classname="test.customer_group.Customer_Group_Add_Edit">
    <skipped/>
  </testcase> <!-- Verify_Set_default_button -->
  <testcase name="Verify_Set_default_button_for_multiple_selection" time="0.0" classname="test.customer_group.Customer_Group_Add_Edit">
    <skipped/>
  </testcase> <!-- Verify_Set_default_button_for_multiple_selection -->
  <testcase name="Verify_Set_default_button_for_no_selection" time="0.0" classname="test.customer_group.Customer_Group_Add_Edit">
    <skipped/>
  </testcase> <!-- Verify_Set_default_button_for_no_selection -->
  <testcase name="verify_sub_menu_under_sales" time="0.0" classname="test.customer_region.Customer_Region_Add_Edit">
    <skipped/>
  </testcase> <!-- verify_sub_menu_under_sales -->
  <testcase name="Verify_contents_of_customer_region" time="0.0" classname="test.customer_region.Customer_Region_Add_Edit">
    <skipped/>
  </testcase> <!-- Verify_contents_of_customer_region -->
  <testcase name="customer_region_creation" time="0.0" classname="test.customer_region.Customer_Region_Add_Edit">
    <skipped/>
  </testcase> <!-- customer_region_creation -->
  <testcase name="Verify_Insert_Customer_Region_without_entering_mandatory_fields" time="0.0" classname="test.customer_region.Customer_Region_Add_Edit">
    <skipped/>
  </testcase> <!-- Verify_Insert_Customer_Region_without_entering_mandatory_fields -->
  <testcase name="Verify_Insert_Customer_Region_without_selecting_Country_Name" time="0.0" classname="test.customer_region.Customer_Region_Add_Edit">
    <skipped/>
  </testcase> <!-- Verify_Insert_Customer_Region_without_selecting_Country_Name -->
  <testcase name="Insert_Customer_Region_without_selecting_State_Name" time="0.0" classname="test.customer_region.Customer_Region_Add_Edit">
    <skipped/>
  </testcase> <!-- Insert_Customer_Region_without_selecting_State_Name -->
  <testcase name="Insert_Customer_Region_without_selecting_Region_Name" time="0.0" classname="test.customer_region.Customer_Region_Add_Edit">
    <skipped/>
  </testcase> <!-- Insert_Customer_Region_without_selecting_Region_Name -->
  <testcase name="Insert_Customer_Region_with_invalid_inputs_in_Region_Name" time="0.0" classname="test.customer_region.Customer_Region_Add_Edit">
    <skipped/>
  </testcase> <!-- Insert_Customer_Region_with_invalid_inputs_in_Region_Name -->
  <testcase name="Insert_Customer_Region_without_entering_Region_Pin" time="0.0" classname="test.customer_region.Customer_Region_Add_Edit">
    <skipped/>
  </testcase> <!-- Insert_Customer_Region_without_entering_Region_Pin -->
  <testcase name="Insert_Customer_Region_invalid_inputs_in_Region_Pin" time="0.0" classname="test.customer_region.Customer_Region_Add_Edit">
    <skipped/>
  </testcase> <!-- Insert_Customer_Region_invalid_inputs_in_Region_Pin -->
  <testcase name="Insert_Customer_Region_for_duplicate_values_of_Region_Name" time="0.0" classname="test.customer_region.Customer_Region_Add_Edit">
    <skipped/>
  </testcase> <!-- Insert_Customer_Region_for_duplicate_values_of_Region_Name -->
  <testcase name="Insert_Customer_Region_for_duplicate_values_of_Region_Pin" time="0.0" classname="test.customer_region.Customer_Region_Add_Edit">
    <skipped/>
  </testcase> <!-- Insert_Customer_Region_for_duplicate_values_of_Region_Pin -->
  <testcase name="edit_Customer_Region" time="0.0" classname="test.customer_region.Customer_Region_Add_Edit">
    <skipped/>
  </testcase> <!-- edit_Customer_Region -->
  <testcase name="edit_Customer_Region_without_mandatory_fields" time="0.0" classname="test.customer_region.Customer_Region_Add_Edit">
    <skipped/>
  </testcase> <!-- edit_Customer_Region_without_mandatory_fields -->
  <testcase name="edit_Customer_Region_without_Country_Name" time="0.0" classname="test.customer_region.Customer_Region_Add_Edit">
    <skipped/>
  </testcase> <!-- edit_Customer_Region_without_Country_Name -->
  <testcase name="edit_Customer_Region_without_State_Name" time="0.0" classname="test.customer_region.Customer_Region_Add_Edit">
    <skipped/>
  </testcase> <!-- edit_Customer_Region_without_State_Name -->
  <testcase name="edit_Customer_Region_without_Region_Name" time="0.0" classname="test.customer_region.Customer_Region_Add_Edit">
    <skipped/>
  </testcase> <!-- edit_Customer_Region_without_Region_Name -->
  <testcase name="edit_Customer_Region_invalid_inputs_Region_Name" time="0.0" classname="test.customer_region.Customer_Region_Add_Edit">
    <skipped/>
  </testcase> <!-- edit_Customer_Region_invalid_inputs_Region_Name -->
  <testcase name="edit_Customer_Region_duplicate_values_Region_Name" time="0.0" classname="test.customer_region.Customer_Region_Add_Edit">
    <skipped/>
  </testcase> <!-- edit_Customer_Region_duplicate_values_Region_Name -->
  <testcase name="Delete_Customer_Region" time="0.0" classname="test.customer_region.Customer_Region_Add_Edit">
    <skipped/>
  </testcase> <!-- Delete_Customer_Region -->
  <testcase name="Delete_Customer_Region_without_selecting_value" time="0.0" classname="test.customer_region.Customer_Region_Add_Edit">
    <skipped/>
  </testcase> <!-- Delete_Customer_Region_without_selecting_value -->
  <testcase name="Delete_Customer_Region_selecting_multiple" time="0.0" classname="test.customer_region.Customer_Region_Add_Edit">
    <skipped/>
  </testcase> <!-- Delete_Customer_Region_selecting_multiple -->
  <testcase name="Set_Default_in_Customer_Region" time="0.0" classname="test.customer_region.Customer_Region_Add_Edit">
    <skipped/>
  </testcase> <!-- Set_Default_in_Customer_Region -->
  <testcase name="Set_Default_for_multiple_Customer_Region" time="0.0" classname="test.customer_region.Customer_Region_Add_Edit">
    <skipped/>
  </testcase> <!-- Set_Default_for_multiple_Customer_Region -->
  <testcase name="Set_Default_for_no_selection_Customer_Region" time="0.0" classname="test.customer_region.Customer_Region_Add_Edit">
    <skipped/>
  </testcase> <!-- Set_Default_for_no_selection_Customer_Region -->
  <testcase name="addvalidcustomer" time="0.0" classname="test.addcustomer.AddCustomer">
    <skipped/>
  </testcase> <!-- addvalidcustomer -->
  <testcase name="emptycustomer" time="0.0" classname="test.addcustomer.AddCustomer">
    <skipped/>
  </testcase> <!-- emptycustomer -->
  <testcase name="invalidcustomer" time="0.0" classname="test.addcustomer.AddCustomer">
    <skipped/>
  </testcase> <!-- invalidcustomer -->
  <testcase name="duplicatecustomer" time="0.0" classname="test.addcustomer.AddCustomer">
    <skipped/>
  </testcase> <!-- duplicatecustomer -->
  <testcase name="WithoutSelectApproved" time="0.0" classname="test.addcustomer.Approve">
    <skipped/>
  </testcase> <!-- WithoutSelectApproved -->
  <testcase name="Approved1" time="0.0" classname="test.addcustomer.Approve">
    <skipped/>
  </testcase> <!-- Approved1 -->
  <testcase name="Approved" time="0.0" classname="test.addcustomer.Approve">
    <skipped/>
  </testcase> <!-- Approved -->
  <testcase name="editsuccessfull" time="0.0" classname="test.addcustomer.EditCustomer">
    <skipped/>
  </testcase> <!-- editsuccessfull -->
  <testcase name="editempty" time="0.0" classname="test.addcustomer.EditCustomer">
    <skipped/>
  </testcase> <!-- editempty -->
  <testcase name="editinvalid" time="0.0" classname="test.addcustomer.EditCustomer">
    <skipped/>
  </testcase> <!-- editinvalid -->
  <testcase name="editduplicate" time="0.0" classname="test.addcustomer.EditCustomer">
    <skipped/>
  </testcase> <!-- editduplicate -->
  <testcase name="editvalidcustomer" time="0.0" classname="test.addcustomer.EditCustomer">
    <skipped/>
  </testcase> <!-- editvalidcustomer -->
  <testcase name="multipleaddresscustomer" time="0.0" classname="test.addcustomer.MultipleAddress$EditCustomer">
    <skipped/>
  </testcase> <!-- multipleaddresscustomer -->
  <testcase name="deleteaddresscustomer" time="0.0" classname="test.addcustomer.MultipleAddress$EditCustomer">
    <skipped/>
  </testcase> <!-- deleteaddresscustomer -->
  <testcase name="CustomerNumber" time="0.0" classname="test.addcustomer.SearchOperation">
    <skipped/>
  </testcase> <!-- CustomerNumber -->
  <testcase name="CustomerName" time="0.0" classname="test.addcustomer.SearchOperation">
    <skipped/>
  </testcase> <!-- CustomerName -->
  <testcase name="STBName" time="0.0" classname="test.addcustomer.SearchOperation">
    <skipped/>
  </testcase> <!-- STBName -->
  <testcase name="OPerator" time="0.0" classname="test.addcustomer.SearchOperation">
    <skipped/>
  </testcase> <!-- OPerator -->
  <testcase name="ByGroup" time="0.0" classname="test.addcustomer.SearchOperation">
    <skipped/>
  </testcase> <!-- ByGroup -->
  <testcase name="Status" time="0.0" classname="test.addcustomer.SearchOperation">
    <skipped/>
  </testcase> <!-- Status -->
  <testcase name="Approverd" time="0.0" classname="test.addcustomer.SearchOperation">
    <skipped/>
  </testcase> <!-- Approverd -->
  <testcase name="Date" time="0.0" classname="test.addcustomer.SearchOperation">
    <skipped/>
  </testcase> <!-- Date -->
  <testcase name="InvalidSearch" time="0.0" classname="test.addcustomer.SearchOperation">
    <skipped/>
  </testcase> <!-- InvalidSearch -->
  <testcase name="Validate_STB_Pairing_with_Deactivate_STB" time="0.0" classname="test.STB_Pairing.STB_Pairing">
    <skipped/>
  </testcase> <!-- Validate_STB_Pairing_with_Deactivate_STB -->
  <testcase name="Validate_STB_Pairing_with_Activate_STB" time="0.0" classname="test.STB_Pairing.STB_Pairing">
    <skipped/>
  </testcase> <!-- Validate_STB_Pairing_with_Activate_STB -->
  <testcase name="Validate_STB_Pairing_with_Invalid_STB" time="0.0" classname="test.STB_Pairing.STB_Pairing">
    <skipped/>
  </testcase> <!-- Validate_STB_Pairing_with_Invalid_STB -->
  <testcase name="Validate_STB_Pairing_without_STB" time="0.0" classname="test.STB_Pairing.STB_Pairing">
    <skipped/>
  </testcase> <!-- Validate_STB_Pairing_without_STB -->
  <testcase name="Validate_Last_Page" time="0.0" classname="test.STB_Pairing.STB_Pairing">
    <skipped/>
  </testcase> <!-- Validate_Last_Page -->
  <testcase name="Validate_First_Page" time="0.0" classname="test.STB_Pairing.STB_Pairing">
    <skipped/>
  </testcase> <!-- Validate_First_Page -->
  <testcase name="Verify_search_criteria_drop_down_options" time="0.0" classname="test.quick_search.quick_search">
    <skipped/>
  </testcase> <!-- Verify_search_criteria_drop_down_options -->
  <testcase name="Verify_Get_details_by_selecting_search_criteria_Customer_No_and_by_giving_valid_input" time="0.0" classname="test.quick_search.quick_search">
    <skipped/>
  </testcase> <!-- Verify_Get_details_by_selecting_search_criteria_Customer_No_and_by_giving_valid_input -->
  <testcase name="Verify_Get_details_by_selecting_search_criteria_Customer_Name_and_by_giving_valid_input" time="0.0" classname="test.quick_search.quick_search">
    <skipped/>
  </testcase> <!-- Verify_Get_details_by_selecting_search_criteria_Customer_Name_and_by_giving_valid_input -->
  <testcase name="Verify_Get_details_by_selecting_search_criteria_STB_NO_and_by_giving_valid_input" time="0.0" classname="test.quick_search.quick_search">
    <skipped/>
  </testcase> <!-- Verify_Get_details_by_selecting_search_criteria_STB_NO_and_by_giving_valid_input -->
  <testcase name="Verify_Get_details_by_selecting_search_criteria_mobile_no_and_by_giving_valid_input" time="0.0" classname="test.quick_search.quick_search">
    <skipped/>
  </testcase> <!-- Verify_Get_details_by_selecting_search_criteria_mobile_no_and_by_giving_valid_input -->
  <testcase name="Verify_Get_details_by_selecting_search_criteria_address_and_by_giving_valid_input" time="0.0" classname="test.quick_search.quick_search">
    <skipped/>
  </testcase> <!-- Verify_Get_details_by_selecting_search_criteria_address_and_by_giving_valid_input -->
  <testcase name="Verify_Get_details_by_selecting_search_criteria_operator_and_by_giving_valid_input" time="0.0" classname="test.quick_search.quick_search">
    <skipped/>
  </testcase> <!-- Verify_Get_details_by_selecting_search_criteria_operator_and_by_giving_valid_input -->
  <testcase name="search_by_invalid_data" time="0.0" classname="test.quick_search.quick_search">
    <skipped/>
  </testcase> <!-- search_by_invalid_data -->
  <testcase name="Verify_pagination_in_Search_page" time="0.0" classname="test.quick_search.quick_search">
    <skipped/>
  </testcase> <!-- Verify_pagination_in_Search_page -->
  <testcase name="CheckOrdertab" time="0.0" classname="test.order.Create_Order">
    <skipped/>
  </testcase> <!-- CheckOrdertab -->
  <testcase name="addvalidcustomer" time="0.0" classname="test.order.Create_Order">
    <skipped/>
  </testcase> <!-- addvalidcustomer -->
  <testcase name="addinvalidcustomer" time="0.0" classname="test.order.Create_Order">
    <skipped/>
  </testcase> <!-- addinvalidcustomer -->
  <testcase name="InValidCustomer" time="0.0" classname="test.order.Create_Order">
    <skipped/>
  </testcase> <!-- InValidCustomer -->
  <testcase name="WithoutPayment" time="0.0" classname="test.order.Create_Order">
    <skipped/>
  </testcase> <!-- WithoutPayment -->
  <testcase name="WithoutInstalltionPayment1" time="0.0" classname="test.order.Create_Order">
    <skipped/>
  </testcase> <!-- WithoutInstalltionPayment1 -->
  <testcase name="addvalidprerentalcustomer" time="0.0" classname="test.order.Create_Order">
    <skipped/>
  </testcase> <!-- addvalidprerentalcustomer -->
  <testcase name="WithoutInstalltion" time="0.0" classname="test.order.Create_Order">
    <skipped/>
  </testcase> <!-- WithoutInstalltion -->
  <testcase name="InVoice_WithoutSelecting" time="0.0" classname="test.order.InVoice">
    <skipped/>
  </testcase> <!-- InVoice_WithoutSelecting -->
  <testcase name="InVoice_WithSelecctingSingle" time="0.0" classname="test.order.InVoice">
    <skipped/>
  </testcase> <!-- InVoice_WithSelecctingSingle -->
  <testcase name="InVoice_WithSelecctingAll" time="0.0" classname="test.order.InVoice">
    <skipped/>
  </testcase> <!-- InVoice_WithSelecctingAll -->
  <testcase name="PDFValidate" time="0.0" classname="test.order.PrintPDF">
    <skipped/>
  </testcase> <!-- PDFValidate -->
  <testcase name="CustomerValidate" time="0.0" classname="test.order.PrintPDF">
    <skipped/>
  </testcase> <!-- CustomerValidate -->
  <testcase name="Cancel" time="0.0" classname="test.order.PrintPDF">
    <skipped/>
  </testcase> <!-- Cancel -->
  <testcase name="PackageUrl" time="0.0" classname="test.order.PrintPDF">
    <skipped/>
  </testcase> <!-- PackageUrl -->
  <testcase name="SearchOrder" time="0.0" classname="test.order.Search_Order">
    <skipped/>
  </testcase> <!-- SearchOrder -->
  <testcase name="InValidSearchOrder" time="0.0" classname="test.order.Search_Order">
    <skipped/>
  </testcase> <!-- InValidSearchOrder -->
  <testcase name="ViewOrder" time="0.0" classname="test.order.Search_Order">
    <skipped/>
  </testcase> <!-- ViewOrder -->
  <testcase name="addppv" time="0.0" classname="test.ppv.PPV_Addition">
    <skipped/>
  </testcase> <!-- addppv -->
  <testcase name="empty_new_ppv" time="0.0" classname="test.ppv.PPV_Addition">
    <skipped/>
  </testcase> <!-- empty_new_ppv -->
  <testcase name="invalid_new_ppv" time="0.0" classname="test.ppv.PPV_Addition">
    <skipped/>
  </testcase> <!-- invalid_new_ppv -->
  <testcase name="duplicate_new_ppv" time="0.0" classname="test.ppv.PPV_Addition">
    <skipped/>
  </testcase> <!-- duplicate_new_ppv -->
  <testcase name="checking_cancel_insertion_of_ppv" time="0.0" classname="test.ppv.PPV_Addition">
    <skipped/>
  </testcase> <!-- checking_cancel_insertion_of_ppv -->
  <testcase name="duplicate_event_time_with_same_event_name" time="0.0" classname="test.ppv.PPV_Addition">
    <skipped/>
  </testcase> <!-- duplicate_event_time_with_same_event_name -->
  <testcase name="checking_navigation_to_home_page" time="0.0" classname="test.ppv.PPV_Addition">
    <skipped/>
  </testcase> <!-- checking_navigation_to_home_page -->
  <testcase name="checking_navigation_to_home_page_from_ppv_insertion" time="0.0" classname="test.ppv.PPV_Addition">
    <skipped/>
  </testcase> <!-- checking_navigation_to_home_page_from_ppv_insertion -->
  <testcase name="adddisableppv" time="0.0" classname="test.ppv.PPV_Addition">
    <skipped/>
  </testcase> <!-- adddisableppv -->
  <testcase name="edit_new_ppv_with_valid_price" time="0.0" classname="test.ppv.Edit_ppv">
    <skipped/>
  </testcase> <!-- edit_new_ppv_with_valid_price -->
  <testcase name="edit_new_ppv_with_empty_price" time="0.0" classname="test.ppv.Edit_ppv">
    <skipped/>
  </testcase> <!-- edit_new_ppv_with_empty_price -->
  <testcase name="edit_new_ppv_with_invalid_price" time="0.0" classname="test.ppv.Edit_ppv">
    <skipped/>
  </testcase> <!-- edit_new_ppv_with_invalid_price -->
  <testcase name="edit_new_ppv_with_cancel" time="0.0" classname="test.ppv.Edit_ppv">
    <skipped/>
  </testcase> <!-- edit_new_ppv_with_cancel -->
  <testcase name="page_navigation_link" time="0.0" classname="test.ppv.Edit_ppv">
    <skipped/>
  </testcase> <!-- page_navigation_link -->
  <testcase name="addnvod" time="0.0" classname="test.nvod.Nvodaddtion">
    <skipped/>
  </testcase> <!-- addnvod -->
  <testcase name="Validate_Nvod_Create_Without_input" time="0.0" classname="test.nvod.Nvodaddtion">
    <skipped/>
  </testcase> <!-- Validate_Nvod_Create_Without_input -->
  <testcase name="Validate_Nvod_Create_With_invalid_data" time="0.0" classname="test.nvod.Nvodaddtion">
    <skipped/>
  </testcase> <!-- Validate_Nvod_Create_With_invalid_data -->
  <testcase name="Validate_Nvod_create_with_duplicate_data" time="0.0" classname="test.nvod.Nvodaddtion">
    <skipped/>
  </testcase> <!-- Validate_Nvod_create_with_duplicate_data -->
  <testcase name="Nvod_Edit" time="0.0" classname="test.nvod.Edit_nvod">
    <skipped/>
  </testcase> <!-- Nvod_Edit -->
  <testcase name="Validate_Nvod_Edit_Without_mandatory_data" time="0.0" classname="test.nvod.Edit_nvod">
    <skipped/>
  </testcase> <!-- Validate_Nvod_Edit_Without_mandatory_data -->
  <testcase name="Validate_Nvod_Edit_With_invalid_data" time="0.0" classname="test.nvod.Edit_nvod">
    <skipped/>
  </testcase> <!-- Validate_Nvod_Edit_With_invalid_data -->
  <testcase name="Validate_Nvod_Edit_With_duplicate_data" time="0.0" classname="test.nvod.Edit_nvod">
    <skipped/>
  </testcase> <!-- Validate_Nvod_Edit_With_duplicate_data -->
  <testcase name="@BeforeSuite validtest" time="0.0" classname="test.baseclass.BaseClass">
    <ignored/>
  </testcase> <!-- @BeforeSuite validtest -->
  <testcase name="@BeforeSuite validtest" time="0.0" classname="test.baseclass.BaseClass">
    <ignored/>
  </testcase> <!-- @BeforeSuite validtest -->
  <testcase name="@BeforeSuite validtest" time="0.0" classname="test.baseclass.BaseClass">
    <ignored/>
  </testcase> <!-- @BeforeSuite validtest -->
  <testcase name="@BeforeSuite validtest" time="0.0" classname="test.baseclass.BaseClass">
    <ignored/>
  </testcase> <!-- @BeforeSuite validtest -->
  <testcase name="@BeforeSuite validtest" time="0.0" classname="test.baseclass.BaseClass">
    <ignored/>
  </testcase> <!-- @BeforeSuite validtest -->
  <testcase name="@BeforeSuite validtest" time="0.0" classname="test.baseclass.BaseClass">
    <ignored/>
  </testcase> <!-- @BeforeSuite validtest -->
  <testcase name="@BeforeSuite validtest" time="0.0" classname="test.baseclass.BaseClass">
    <ignored/>
  </testcase> <!-- @BeforeSuite validtest -->
  <testcase name="@BeforeSuite validtest" time="0.0" classname="test.baseclass.BaseClass">
    <ignored/>
  </testcase> <!-- @BeforeSuite validtest -->
  <testcase name="@BeforeSuite validtest" time="0.0" classname="test.baseclass.BaseClass">
    <ignored/>
  </testcase> <!-- @BeforeSuite validtest -->
  <testcase name="@BeforeSuite validtest" time="0.0" classname="test.baseclass.BaseClass">
    <ignored/>
  </testcase> <!-- @BeforeSuite validtest -->
  <testcase name="@BeforeSuite validtest" time="0.0" classname="test.baseclass.BaseClass">
    <ignored/>
  </testcase> <!-- @BeforeSuite validtest -->
  <testcase name="@BeforeSuite validtest" time="0.0" classname="test.baseclass.BaseClass">
    <ignored/>
  </testcase> <!-- @BeforeSuite validtest -->
  <testcase name="@BeforeSuite validtest" time="0.0" classname="test.baseclass.BaseClass">
    <ignored/>
  </testcase> <!-- @BeforeSuite validtest -->
  <testcase name="@BeforeSuite validtest" time="0.0" classname="test.baseclass.BaseClass">
    <ignored/>
  </testcase> <!-- @BeforeSuite validtest -->
  <testcase name="@BeforeSuite validtest" time="0.0" classname="test.baseclass.BaseClass">
    <ignored/>
  </testcase> <!-- @BeforeSuite validtest -->
  <testcase name="@BeforeSuite validtest" time="0.0" classname="test.baseclass.BaseClass">
    <ignored/>
  </testcase> <!-- @BeforeSuite validtest -->
</testsuite> <!-- Test -->
